# ANADOLU.PDF
startedAt: 2026-05-11T07:13:51.990Z
wallTimeMs: 180103
finalUrl: http://localhost:5173/try
outcome: EXTRACTION_ERROR
detail: Failure UI visible (retry banner / extraction error)
extractStatus: n/a
extractEndpoint: n/a

## Console errors / warnings
[error] Failed to load resource: the server responded with a status of 500 (Internal Server Error)
[error] Failed to load resource: the server responded with a status of 500 (Internal Server Error)
[error] Failed to load resource: the server responded with a status of 500 (Internal Server Error)
[error] Failed to load resource: the server responded with a status of 500 (Internal Server Error)
[error] Failed to load resource: the server responded with a status of 500 (Internal Server Error)
[error] Failed to load resource: the server responded with a status of 500 (Internal Server Error)
[warning] [Analytics] trial_page_view {}
[warning] [Analytics] trial_page_view {}
[warning] [PDF.js] Testing worker URL: /pdfjs/pdf.worker.min.mjs
[warning] [PDF.js] Found working worker: /pdfjs/pdf.worker.min.mjs
[error] Failed to load resource: the server responded with a status of 401 ()
[error] Failed to load resource: the server responded with a status of 401 ()
[error] Failed to load resource: the server responded with a status of 401 ()
[error] Failed to load resource: the server responded with a status of 401 ()
[error] Failed to load resource: the server responded with a status of 401 ()
[error] Failed to load resource: the server responded with a status of 401 ()
[warning] The resource https://fonts.gstatic.com/s/inter/v13/UcCO3FwrK3iLTeHuS_fvQtMwCp50KnMw2boKoduKmMEVuLyfAZ9hiJ-Ek-_EeA.woff2 was preloaded using link preload but not used within a few seconds from the window's load event. Please make sure it has an appropriate `as` value and it is preloaded intentionally.

## Failed network requests
GET http://localhost:5173/api/translations/locales — net::ERR_ABORTED
GET http://localhost:5173/api/translations/locales — net::ERR_ABORTED
GET http://localhost:5173/api/translations/locales — net::ERR_ABORTED
GET http://localhost:5173/api/translations/locales — net::ERR_ABORTED
GET http://localhost:5173/api/translations/en — net::ERR_ABORTED
GET http://localhost:5173/api/translations/en — net::ERR_ABORTED